================================================================
[run] Tue May 12 21:24:58 UTC 2026
[run] root=/home/naili/tabular_data_projects/pTNAS
[run] space=resnet device=cuda:7 seed=42
[run] given_time_budget=10
[run] default_mk_ratio=60
[run] output_csv=/home/naili/tabular_data_projects/pTNAS/logs/ptnas_full_timebudget_10s_20260512_212458.csv
[run] log=/home/naili/tabular_data_projects/pTNAS/logs/run_ptnas_full_timebudget_10s_20260512_212458.log
[run] datasets=8
================================================================

================================================================
[dataset] avito-user-clicks Tue May 12 21:24:58 UTC 2026
================================================================
[dataset] extra args: --given_time_budget 10 --mk_ratio 60 --mk_ratio 90
================================================================================
🧬 pTNAS-Full: Single EA (pop=48, gen=12, top_k=6)
================================================================================
Data: /home/naili/tabular_data_projects/pTNAS/datasets/fit-medium-table/avito-user-clicks
Space: resnet, Device: cuda:7
Time-aware search config: budget=10.00s, mk_ratio=90, est_selection=1.39s, est_sh=8.23s, est_search_total=9.63s
Dataset profile: proxy_eval=0.002419s, sh_workload_unit=0.6861s, workload=12
Final-train reference: final_train_ref=9.62s
Final train config: epochs=200, lr=0.001, batch_size=256, dropout=0.2, max_batches=20, early_stop=10
 ==> load material dataset from /home/naili/tabular_data_projects/pTNAS/datasets/fit-medium-table/avito-user-clicks
Task type: TaskType.BINARY_CLASSIFICATION

🔍 Preparing sample batch for proxy evaluation...
✅ Encoded features: torch.Size([4, 196])

🎯 Step 1: Full EA selection

🎯 Full EA Selection (no grouping)
   population=48, generations=12, top_k=6

🧬 Running Evolutionary Algorithm
   Population size: 48
   Generations: 12
   Elite size: 10
   Mutation rate: 0.3
   Initialized population of 48 architectures
   Generation 1/12...
     Evaluating 10/48...
     Evaluating 20/48...
     Evaluating 30/48...
     Evaluating 40/48...
     Best score: 324818.6562
   Generation 2/12...
     Evaluating 10/48...
     Evaluating 20/48...
     Evaluating 30/48...
     Evaluating 40/48...
     Best score: 752977.7500
   Generation 3/12...
     Evaluating 10/48...
     Evaluating 20/48...
     Evaluating 30/48...
     Evaluating 40/48...
     Best score: 1070423.5000
   Generation 4/12...
     Evaluating 10/48...
     Evaluating 20/48...
     Evaluating 30/48...
     Evaluating 40/48...
     Best score: 1070423.5000
   Generation 5/12...
     Evaluating 10/48...
     Evaluating 20/48...
     Evaluating 30/48...
     Evaluating 40/48...
     Best score: 1070423.5000
   Generation 6/12...
     Evaluating 10/48...
     Evaluating 20/48...
     Evaluating 30/48...
     Evaluating 40/48...
     Best score: 1070423.5000
   Generation 7/12...
     Evaluating 10/48...
     Evaluating 20/48...
     Evaluating 30/48...
     Evaluating 40/48...
     Best score: 1508357.5000
   Generation 8/12...
     Evaluating 10/48...
     Evaluating 20/48...
     Evaluating 30/48...
     Evaluating 40/48...
     Best score: 1508357.5000
   Generation 9/12...
     Evaluating 10/48...
     Evaluating 20/48...
     Evaluating 30/48...
     Evaluating 40/48...
     Best score: 1876665.2500
   Generation 10/12...
     Evaluating 10/48...
     Evaluating 20/48...
     Evaluating 30/48...
     Evaluating 40/48...
     Best score: 1876665.2500
   Generation 11/12...
     Evaluating 10/48...
     Evaluating 20/48...
     Evaluating 30/48...
     Evaluating 40/48...
     Best score: 1876665.2500
   Generation 12/12...
     Evaluating 10/48...
     Evaluating 20/48...
     Evaluating 30/48...
     Evaluating 40/48...
     Best score: 1876665.2500
   EA complete! Best score: 1876665.2500
   Total individuals evaluated: 48
   ✅ EA complete, top 6 candidates:
     1. [128, 256, 128, 256] (score: 1876665.2500)
     2. [64, 256, 128, 256] (score: 1508357.5000)
     3. [32, 256, 128, 256] (score: 1311041.7500)
     4. [256, 256, 128, 256] (score: 1070423.5000)
     5. [128, 256, 64, 256] (score: 1013244.2500)
     6. [64, 256, 64, 256] (score: 836734.3750)
✅ Selection complete: 1.91s

🏆 Step 2: Successive Halving

🏆 Successive Halving Selection
   Candidates: 6
   Round: 6 candidates, +1 epochs
     Training 1/6: [128, 256, 128, 256]

  Training: epochs=1, lr=0.001
✅ Training completed! Best val: 0.527107, time: 1.42s
     Training 2/6: [64, 256, 128, 256]

  Training: epochs=1, lr=0.001
✅ Training completed! Best val: 0.550288, time: 0.35s
     Training 3/6: [32, 256, 128, 256]

  Training: epochs=1, lr=0.001
✅ Training completed! Best val: 0.538777, time: 0.60s
     Training 4/6: [256, 256, 128, 256]

  Training: epochs=1, lr=0.001
✅ Training completed! Best val: 0.521673, time: 0.59s
     Training 5/6: [128, 256, 64, 256]

  Training: epochs=1, lr=0.001
✅ Training completed! Best val: 0.536511, time: 0.34s
     Training 6/6: [64, 256, 64, 256]

  Training: epochs=1, lr=0.001
✅ Training completed! Best val: 0.540033, time: 0.33s
     Kept top 2, best val: 0.5503, winner cumulative epochs: 1
   Round: 2 candidates, +3 epochs
     Training 1/2: [64, 256, 128, 256]

  Training: epochs=3, lr=0.001
✅ Training completed! Best val: 0.598785, time: 1.12s
     Training 2/2: [64, 256, 64, 256]

  Training: epochs=3, lr=0.001
✅ Training completed! Best val: 0.585396, time: 1.45s
     Kept top 1, best val: 0.5988, winner cumulative epochs: 4
   🏆 Best: [64, 256, 128, 256], val=0.5988, cumulative epochs=4
✅ Best architecture: [64, 256, 128, 256], val=0.5988
   Successive halving time: 8.84s

🚀 Step 3: Training final model
   Warm-starting from SH checkpoint trained for 4 epochs
   Additional final-training epochs: 196

  Training: epochs=196, lr=0.001
  Epoch 10: val=0.6157
  Epoch 20: val=0.6203
  Epoch 30: val=0.6261
  Epoch 40: val=0.6168
  Early stopped at epoch 41
✅ Training completed! Best val: 0.628030, time: 16.36s
✅ Final training: 16.36s

🧪 Step 4: Testing
✅ Test metric: 0.6680, inference: 0.43s

================================================================================
🎉 pTNAS-Full Complete!
================================================================================
   Best architecture: [64, 256, 128, 256]
   Test metric: 0.6680
   Selection time: 1.91s
   SH time: 8.84s
   Training time: 16.36s
   Winner SH epochs: 4
   Extra final epochs: 196
   Total time: 27.53s
📁 Results: /home/naili/tabular_data_projects/pTNAS/logs/ptnas_full_timebudget_10s_20260512_212458.csv
[done] avito-user-clicks Tue May 12 21:25:31 UTC 2026

================================================================
[dataset] event-user-attendance Tue May 12 21:25:31 UTC 2026
================================================================
[dataset] extra args: --given_time_budget 10 --mk_ratio 60
================================================================================
🧬 pTNAS-Full: Single EA (pop=44, gen=11, top_k=8)
================================================================================
Data: /home/naili/tabular_data_projects/pTNAS/datasets/fit-medium-table/event-user-attendance
Space: resnet, Device: cuda:7
Time-aware search config: budget=10.00s, mk_ratio=60, est_selection=1.20s, est_sh=6.85s, est_search_total=8.05s
Dataset profile: proxy_eval=0.002473s, sh_workload_unit=0.4031s, workload=17
Final-train reference: final_train_ref=9.62s
Final train config: epochs=200, lr=0.001, batch_size=256, dropout=0.2, max_batches=20, early_stop=10
 ==> load material dataset from /home/naili/tabular_data_projects/pTNAS/datasets/fit-medium-table/event-user-attendance
Task type: TaskType.REGRESSION

🔍 Preparing sample batch for proxy evaluation...
✅ Encoded features: torch.Size([4, 324])

🎯 Step 1: Full EA selection

🎯 Full EA Selection (no grouping)
   population=44, generations=11, top_k=8

🧬 Running Evolutionary Algorithm
   Population size: 44
   Generations: 11
   Elite size: 10
   Mutation rate: 0.3
   Initialized population of 44 architectures
   Generation 1/11...
     Evaluating 10/44...
     Evaluating 20/44...
     Evaluating 30/44...
     Evaluating 40/44...
     Best score: 437792.3125
   Generation 2/11...
     Evaluating 10/44...
     Evaluating 20/44...
     Evaluating 30/44...
     Evaluating 40/44...
     Best score: 1261737.0000
   Generation 3/11...
     Evaluating 10/44...
     Evaluating 20/44...
     Evaluating 30/44...
     Evaluating 40/44...
     Best score: 1261737.0000
   Generation 4/11...
     Evaluating 10/44...
     Evaluating 20/44...
     Evaluating 30/44...
     Evaluating 40/44...
     Best score: 1261737.0000
   Generation 5/11...
     Evaluating 10/44...
     Evaluating 20/44...
     Evaluating 30/44...
     Evaluating 40/44...
     Best score: 1261737.0000
   Generation 6/11...
     Evaluating 10/44...
     Evaluating 20/44...
     Evaluating 30/44...
     Evaluating 40/44...
     Best score: 1261737.0000
   Generation 7/11...
     Evaluating 10/44...
     Evaluating 20/44...
     Evaluating 30/44...
     Evaluating 40/44...
     Best score: 1261737.0000
   Generation 8/11...
     Evaluating 10/44...
     Evaluating 20/44...
     Evaluating 30/44...
     Evaluating 40/44...
     Best score: 1261737.0000
   Generation 9/11...
     Evaluating 10/44...
     Evaluating 20/44...
     Evaluating 30/44...
     Evaluating 40/44...
     Best score: 1694003.3750
   Generation 10/11...
     Evaluating 10/44...
     Evaluating 20/44...
     Evaluating 30/44...
     Evaluating 40/44...
     Best score: 1694003.3750
   Generation 11/11...
     Evaluating 10/44...
     Evaluating 20/44...
     Evaluating 30/44...
     Evaluating 40/44...
     Best score: 1694003.3750
   EA complete! Best score: 1694003.3750
   Total individuals evaluated: 44
   ✅ EA complete, top 8 candidates:
     1. [128, 256, 128, 256] (score: 1694003.3750)
     2. [64, 256, 128, 256] (score: 1261737.0000)
     3. [32, 256, 128, 256] (score: 1220216.1250)
     4. [256, 256, 128, 256] (score: 1120092.8750)
     5. [128, 256, 64, 256] (score: 895159.3750)
     6. [64, 256, 64, 256] (score: 847974.0000)
     7. [256, 128, 64, 256] (score: 736049.6875)
     8. [256, 256, 64, 256] (score: 649410.2500)
✅ Selection complete: 1.56s

🏆 Step 2: Successive Halving

🏆 Successive Halving Selection
   Candidates: 8
   Round: 8 candidates, +1 epochs
     Training 1/8: [128, 256, 128, 256]

  Training: epochs=1, lr=0.001
✅ Training completed! Best val: 0.307206, time: 1.33s
     Training 2/8: [64, 256, 128, 256]

  Training: epochs=1, lr=0.001
✅ Training completed! Best val: 0.310645, time: 0.25s
     Training 3/8: [32, 256, 128, 256]

  Training: epochs=1, lr=0.001
✅ Training completed! Best val: 0.319484, time: 0.26s
     Training 4/8: [256, 256, 128, 256]

  Training: epochs=1, lr=0.001
✅ Training completed! Best val: 0.293775, time: 0.23s
     Training 5/8: [128, 256, 64, 256]

  Training: epochs=1, lr=0.001
✅ Training completed! Best val: 0.315181, time: 0.31s
     Training 6/8: [64, 256, 64, 256]

  Training: epochs=1, lr=0.001
✅ Training completed! Best val: 0.318029, time: 0.26s
     Training 7/8: [256, 128, 64, 256]

  Training: epochs=1, lr=0.001
✅ Training completed! Best val: 0.327807, time: 0.36s
     Training 8/8: [256, 256, 64, 256]

  Training: epochs=1, lr=0.001
✅ Training completed! Best val: 0.312817, time: 0.36s
     Kept top 3, best val: 0.2945, winner cumulative epochs: 1
   Round: 3 candidates, +3 epochs
     Training 1/3: [256, 256, 128, 256]

  Training: epochs=3, lr=0.001
✅ Training completed! Best val: 0.266962, time: 0.70s
     Training 2/3: [128, 256, 128, 256]

  Training: epochs=3, lr=0.001
✅ Training completed! Best val: 0.268413, time: 0.70s
     Training 3/3: [64, 256, 128, 256]

  Training: epochs=3, lr=0.001
✅ Training completed! Best val: 0.267200, time: 0.79s
     Kept top 1, best val: 0.2669, winner cumulative epochs: 4
   🏆 Best: [64, 256, 128, 256], val=0.2669, cumulative epochs=4
✅ Best architecture: [64, 256, 128, 256], val=0.2669
   Successive halving time: 7.20s

🚀 Step 3: Training final model
   Warm-starting from SH checkpoint trained for 4 epochs
   Additional final-training epochs: 196

  Training: epochs=196, lr=0.001
  Epoch 10: val=0.2562
  Early stopped at epoch 19
✅ Training completed! Best val: 0.245876, time: 4.54s
✅ Final training: 4.54s

🧪 Step 4: Testing
✅ Test metric: 0.2432, inference: 0.03s

================================================================================
🎉 pTNAS-Full Complete!
================================================================================
   Best architecture: [64, 256, 128, 256]
   Test metric: 0.2432
   Selection time: 1.56s
   SH time: 7.20s
   Training time: 4.54s
   Winner SH epochs: 4
   Extra final epochs: 196
   Total time: 13.33s
📁 Results: /home/naili/tabular_data_projects/pTNAS/logs/ptnas_full_timebudget_10s_20260512_212458.csv
[done] event-user-attendance Tue May 12 21:25:50 UTC 2026

================================================================
[dataset] event-user-repeat Tue May 12 21:25:50 UTC 2026
================================================================
[dataset] extra args: --given_time_budget 10 --mk_ratio 60
================================================================================
🧬 pTNAS-Full: Single EA (pop=44, gen=11, top_k=8)
================================================================================
Data: /home/naili/tabular_data_projects/pTNAS/datasets/fit-medium-table/event-user-repeat
Space: resnet, Device: cuda:7
Time-aware search config: budget=10.00s, mk_ratio=60, est_selection=1.04s, est_sh=5.02s, est_search_total=6.06s
Dataset profile: proxy_eval=0.002156s, sh_workload_unit=0.2953s, workload=17
Final-train reference: final_train_ref=9.62s
Final train config: epochs=200, lr=0.001, batch_size=256, dropout=0.2, max_batches=20, early_stop=10
 ==> load material dataset from /home/naili/tabular_data_projects/pTNAS/datasets/fit-medium-table/event-user-repeat
Task type: TaskType.BINARY_CLASSIFICATION

🔍 Preparing sample batch for proxy evaluation...
✅ Encoded features: torch.Size([4, 576])

🎯 Step 1: Full EA selection

🎯 Full EA Selection (no grouping)
   population=44, generations=11, top_k=8

🧬 Running Evolutionary Algorithm
   Population size: 44
   Generations: 11
   Elite size: 10
   Mutation rate: 0.3
   Initialized population of 44 architectures
   Generation 1/11...
     Evaluating 10/44...
     Evaluating 20/44...
     Evaluating 30/44...
     Evaluating 40/44...
     Best score: 330376.9062
   Generation 2/11...
     Evaluating 10/44...
     Evaluating 20/44...
     Evaluating 30/44...
     Evaluating 40/44...
     Best score: 916097.8125
   Generation 3/11...
     Evaluating 10/44...
     Evaluating 20/44...
     Evaluating 30/44...
     Evaluating 40/44...
     Best score: 1127436.1250
   Generation 4/11...
     Evaluating 10/44...
     Evaluating 20/44...
     Evaluating 30/44...
     Evaluating 40/44...
     Best score: 1830452.5000
   Generation 5/11...
     Evaluating 10/44...
     Evaluating 20/44...
     Evaluating 30/44...
     Evaluating 40/44...
     Best score: 1830452.5000
   Generation 6/11...
     Evaluating 10/44...
     Evaluating 20/44...
     Evaluating 30/44...
     Evaluating 40/44...
     Best score: 1830452.5000
   Generation 7/11...
     Evaluating 10/44...
     Evaluating 20/44...
     Evaluating 30/44...
     Evaluating 40/44...
     Best score: 1830452.5000
   Generation 8/11...
     Evaluating 10/44...
     Evaluating 20/44...
     Evaluating 30/44...
     Evaluating 40/44...
     Best score: 1830452.5000
   Generation 9/11...
     Evaluating 10/44...
     Evaluating 20/44...
     Evaluating 30/44...
     Evaluating 40/44...
     Best score: 1830452.5000
   Generation 10/11...
     Evaluating 10/44...
     Evaluating 20/44...
     Evaluating 30/44...
     Evaluating 40/44...
     Best score: 1830452.5000
   Generation 11/11...
     Evaluating 10/44...
     Evaluating 20/44...
     Evaluating 30/44...
     Evaluating 40/44...
     Best score: 1830452.5000
   EA complete! Best score: 1830452.5000
   Total individuals evaluated: 44
   ✅ EA complete, top 8 candidates:
     1. [128, 256, 128, 256] (score: 1830452.5000)
     2. [64, 256, 128, 256] (score: 1576851.5000)
     3. [32, 256, 128, 256] (score: 1127436.1250)
     4. [256, 256, 128, 256] (score: 1101377.1250)
     5. [128, 256, 64, 256] (score: 916097.8125)
     6. [256, 128, 64, 256] (score: 845478.5000)
     7. [32, 256, 64, 256] (score: 733526.2500)
     8. [256, 256, 64, 256] (score: 548654.9375)
✅ Selection complete: 1.74s

🏆 Step 2: Successive Halving

🏆 Successive Halving Selection
   Candidates: 8
   Round: 8 candidates, +1 epochs
     Training 1/8: [128, 256, 128, 256]

  Training: epochs=1, lr=0.001
✅ Training completed! Best val: 0.647547, time: 1.36s
     Training 2/8: [64, 256, 128, 256]

  Training: epochs=1, lr=0.001
✅ Training completed! Best val: 0.621795, time: 0.30s
     Training 3/8: [32, 256, 128, 256]

  Training: epochs=1, lr=0.001
✅ Training completed! Best val: 0.640301, time: 0.28s
     Training 4/8: [256, 256, 128, 256]

  Training: epochs=1, lr=0.001
✅ Training completed! Best val: 0.651003, time: 0.29s
     Training 5/8: [128, 256, 64, 256]

  Training: epochs=1, lr=0.001
✅ Training completed! Best val: 0.649666, time: 0.30s
     Training 6/8: [256, 128, 64, 256]

  Training: epochs=1, lr=0.001
✅ Training completed! Best val: 0.648774, time: 0.29s
     Training 7/8: [32, 256, 64, 256]

  Training: epochs=1, lr=0.001
✅ Training completed! Best val: 0.625920, time: 0.31s
     Training 8/8: [256, 256, 64, 256]

  Training: epochs=1, lr=0.001
✅ Training completed! Best val: 0.662709, time: 0.23s
     Kept top 3, best val: 0.6627, winner cumulative epochs: 1
   Round: 3 candidates, +3 epochs
     Training 1/3: [256, 256, 64, 256]

  Training: epochs=3, lr=0.001
✅ Training completed! Best val: 0.676087, time: 0.61s
     Training 2/3: [256, 256, 128, 256]

  Training: epochs=3, lr=0.001
✅ Training completed! Best val: 0.663211, time: 0.64s
     Training 3/3: [128, 256, 64, 256]

  Training: epochs=3, lr=0.001
✅ Training completed! Best val: 0.674470, time: 0.55s
     Kept top 1, best val: 0.6761, winner cumulative epochs: 4
   🏆 Best: [256, 256, 64, 256], val=0.6761, cumulative epochs=4
✅ Best architecture: [256, 256, 64, 256], val=0.6761
   Successive halving time: 6.85s

🚀 Step 3: Training final model
   Warm-starting from SH checkpoint trained for 4 epochs
   Additional final-training epochs: 196

  Training: epochs=196, lr=0.001
  Epoch 10: val=0.6378
  Early stopped at epoch 17
✅ Training completed! Best val: 0.708863, time: 3.75s
✅ Final training: 3.75s

🧪 Step 4: Testing
✅ Test metric: 0.7769, inference: 0.01s

================================================================================
🎉 pTNAS-Full Complete!
================================================================================
   Best architecture: [256, 256, 64, 256]
   Test metric: 0.7769
   Selection time: 1.74s
   SH time: 6.85s
   Training time: 3.75s
   Winner SH epochs: 4
   Extra final epochs: 196
   Total time: 12.35s
📁 Results: /home/naili/tabular_data_projects/pTNAS/logs/ptnas_full_timebudget_10s_20260512_212458.csv
[done] event-user-repeat Tue May 12 21:26:07 UTC 2026

================================================================
[dataset] hm-item-sales Tue May 12 21:26:07 UTC 2026
================================================================
[dataset] extra args: --given_time_budget 10 --mk_ratio 60 --mk_ratio 90
================================================================================
🧬 pTNAS-Full: Single EA (pop=32, gen=8, top_k=3)
================================================================================
Data: /home/naili/tabular_data_projects/pTNAS/datasets/fit-medium-table/hm-item-sales
Space: resnet, Device: cuda:7
Time-aware search config: budget=10.00s, mk_ratio=90, est_selection=0.61s, est_sh=7.37s, est_search_total=7.98s
Dataset profile: proxy_eval=0.002375s, sh_workload_unit=2.4578s, workload=3
Final-train reference: final_train_ref=9.62s
Final train config: epochs=200, lr=0.001, batch_size=256, dropout=0.2, max_batches=20, early_stop=10
 ==> load material dataset from /home/naili/tabular_data_projects/pTNAS/datasets/fit-medium-table/hm-item-sales
Task type: TaskType.REGRESSION

🔍 Preparing sample batch for proxy evaluation...
✅ Encoded features: torch.Size([4, 961])

🎯 Step 1: Full EA selection

🎯 Full EA Selection (no grouping)
   population=32, generations=8, top_k=3

🧬 Running Evolutionary Algorithm
   Population size: 32
   Generations: 8
   Elite size: 10
   Mutation rate: 0.3
   Initialized population of 32 architectures
   Generation 1/8...
     Evaluating 10/32...
     Evaluating 20/32...
     Evaluating 30/32...
     Best score: 295529.0000
   Generation 2/8...
     Evaluating 10/32...
     Evaluating 20/32...
     Evaluating 30/32...
     Best score: 295529.0000
   Generation 3/8...
     Evaluating 10/32...
     Evaluating 20/32...
     Evaluating 30/32...
     Best score: 974214.1875
   Generation 4/8...
     Evaluating 10/32...
     Evaluating 20/32...
     Evaluating 30/32...
     Best score: 974214.1875
   Generation 5/8...
     Evaluating 10/32...
     Evaluating 20/32...
     Evaluating 30/32...
     Best score: 974214.1875
   Generation 6/8...
     Evaluating 10/32...
     Evaluating 20/32...
     Evaluating 30/32...
     Best score: 1019547.6250
   Generation 7/8...
     Evaluating 10/32...
     Evaluating 20/32...
     Evaluating 30/32...
     Best score: 1690901.3750
   Generation 8/8...
     Evaluating 10/32...
     Evaluating 20/32...
     Evaluating 30/32...
     Best score: 1690901.3750
   EA complete! Best score: 1690901.3750
   Total individuals evaluated: 32
   ✅ EA complete, top 3 candidates:
     1. [128, 256, 128, 256] (score: 1690901.3750)
     2. [256, 256, 128, 256] (score: 1019547.6250)
     3. [128, 256, 64, 256] (score: 974214.1875)
✅ Selection complete: 1.41s

🏆 Step 2: Successive Halving

🏆 Successive Halving Selection
   Candidates: 3
   Round: 3 candidates, +1 epochs
     Training 1/3: [128, 256, 128, 256]

  Training: epochs=1, lr=0.001
✅ Training completed! Best val: 0.147705, time: 2.75s
     Training 2/3: [256, 256, 128, 256]

  Training: epochs=1, lr=0.001
✅ Training completed! Best val: 0.123135, time: 1.78s
     Training 3/3: [128, 256, 64, 256]

  Training: epochs=1, lr=0.001
✅ Training completed! Best val: 0.143383, time: 1.58s
     Kept top 1, best val: 0.1231, winner cumulative epochs: 1
   🏆 Best: [256, 256, 128, 256], val=0.1231, cumulative epochs=1
✅ Best architecture: [256, 256, 128, 256], val=0.1231
   Successive halving time: 10.70s

🚀 Step 3: Training final model
   Warm-starting from SH checkpoint trained for 1 epochs
   Additional final-training epochs: 199

  Training: epochs=199, lr=0.001
  Epoch 10: val=0.0630
  Epoch 20: val=0.0722
  Epoch 30: val=0.0651
  Early stopped at epoch 37
✅ Training completed! Best val: 0.058133, time: 55.49s
✅ Final training: 55.49s

🧪 Step 4: Testing
✅ Test metric: 0.0497, inference: 1.22s

================================================================================
🎉 pTNAS-Full Complete!
================================================================================
   Best architecture: [256, 256, 128, 256]
   Test metric: 0.0497
   Selection time: 1.41s
   SH time: 10.70s
   Training time: 55.49s
   Winner SH epochs: 1
   Extra final epochs: 199
   Total time: 68.81s
📁 Results: /home/naili/tabular_data_projects/pTNAS/logs/ptnas_full_timebudget_10s_20260512_212458.csv
[done] hm-item-sales Tue May 12 21:27:23 UTC 2026

================================================================
[dataset] ratebeer-beer-positive Tue May 12 21:27:23 UTC 2026
================================================================
[dataset] extra args: --given_time_budget 10 --mk_ratio 60
================================================================================
🧬 pTNAS-Full: Single EA (pop=36, gen=9, top_k=5)
================================================================================
Data: /home/naili/tabular_data_projects/pTNAS/datasets/fit-medium-table/ratebeer-beer-positive
Space: resnet, Device: cuda:7
Time-aware search config: budget=10.00s, mk_ratio=60, est_selection=0.83s, est_sh=6.41s, est_search_total=7.24s
Dataset profile: proxy_eval=0.002565s, sh_workload_unit=0.5829s, workload=11
Final-train reference: final_train_ref=9.62s
Final train config: epochs=200, lr=0.001, batch_size=256, dropout=0.2, max_batches=20, early_stop=10
 ==> load material dataset from /home/naili/tabular_data_projects/pTNAS/datasets/fit-medium-table/ratebeer-beer-positive
Task type: TaskType.REGRESSION

🔍 Preparing sample batch for proxy evaluation...
✅ Encoded features: torch.Size([4, 1764])

🎯 Step 1: Full EA selection

🎯 Full EA Selection (no grouping)
   population=36, generations=9, top_k=5

🧬 Running Evolutionary Algorithm
   Population size: 36
   Generations: 9
   Elite size: 10
   Mutation rate: 0.3
   Initialized population of 36 architectures
   Generation 1/9...
     Evaluating 10/36...
     Evaluating 20/36...
     Evaluating 30/36...
     Best score: 188678.1250
   Generation 2/9...
     Evaluating 10/36...
     Evaluating 20/36...
     Evaluating 30/36...
     Best score: 188678.1250
   Generation 3/9...
     Evaluating 10/36...
     Evaluating 20/36...
     Evaluating 30/36...
     Best score: 813819.6875
   Generation 4/9...
     Evaluating 10/36...
     Evaluating 20/36...
     Evaluating 30/36...
     Best score: 813819.6875
   Generation 5/9...
     Evaluating 10/36...
     Evaluating 20/36...
     Evaluating 30/36...
     Best score: 813819.6875
   Generation 6/9...
     Evaluating 10/36...
     Evaluating 20/36...
     Evaluating 30/36...
     Best score: 813819.6875
   Generation 7/9...
     Evaluating 10/36...
     Evaluating 20/36...
     Evaluating 30/36...
     Best score: 813819.6875
   Generation 8/9...
     Evaluating 10/36...
     Evaluating 20/36...
     Evaluating 30/36...
     Best score: 813819.6875
   Generation 9/9...
     Evaluating 10/36...
     Evaluating 20/36...
     Evaluating 30/36...
     Best score: 813819.6875
   EA complete! Best score: 813819.6875
   Total individuals evaluated: 36
   ✅ EA complete, top 5 candidates:
     1. [256, 128, 256, 128] (score: 813819.6875)
     2. [64, 256, 64, 256] (score: 755127.4375)
     3. [256, 128, 64, 256] (score: 605458.7500)
     4. [64, 128, 256, 128] (score: 553159.5000)
     5. [256, 256, 64, 256] (score: 543875.5000)
✅ Selection complete: 1.80s

🏆 Step 2: Successive Halving

🏆 Successive Halving Selection
   Candidates: 5
   Round: 5 candidates, +1 epochs
     Training 1/5: [256, 128, 256, 128]

  Training: epochs=1, lr=0.001
✅ Training completed! Best val: 0.273560, time: 1.43s
     Training 2/5: [64, 256, 64, 256]

  Training: epochs=1, lr=0.001
✅ Training completed! Best val: 0.307381, time: 0.37s
     Training 3/5: [256, 128, 64, 256]

  Training: epochs=1, lr=0.001
✅ Training completed! Best val: 0.297043, time: 0.39s
     Training 4/5: [64, 128, 256, 128]

  Training: epochs=1, lr=0.001
✅ Training completed! Best val: 0.298918, time: 0.50s
     Training 5/5: [256, 256, 64, 256]

  Training: epochs=1, lr=0.001
✅ Training completed! Best val: 0.271572, time: 0.44s
     Kept top 2, best val: 0.2713, winner cumulative epochs: 1
   Round: 2 candidates, +3 epochs
     Training 1/2: [256, 256, 64, 256]

  Training: epochs=3, lr=0.001
✅ Training completed! Best val: 0.241150, time: 1.19s
     Training 2/2: [256, 128, 256, 128]

  Training: epochs=3, lr=0.001
✅ Training completed! Best val: 0.235260, time: 1.09s
     Kept top 1, best val: 0.2349, winner cumulative epochs: 4
   🏆 Best: [256, 128, 256, 128], val=0.2349, cumulative epochs=4
✅ Best architecture: [256, 128, 256, 128], val=0.2349
   Successive halving time: 7.59s

🚀 Step 3: Training final model
   Warm-starting from SH checkpoint trained for 4 epochs
   Additional final-training epochs: 196

  Training: epochs=196, lr=0.001
  Epoch 10: val=0.2214
  Epoch 20: val=0.2194
  Epoch 30: val=0.2167
  Epoch 40: val=0.2151
  Epoch 50: val=0.2112
  Early stopped at epoch 56
✅ Training completed! Best val: 0.210989, time: 20.73s
✅ Final training: 20.73s

🧪 Step 4: Testing
✅ Test metric: 0.1794, inference: 0.09s

================================================================================
🎉 pTNAS-Full Complete!
================================================================================
   Best architecture: [256, 128, 256, 128]
   Test metric: 0.1794
   Selection time: 1.80s
   SH time: 7.59s
   Training time: 20.73s
   Winner SH epochs: 4
   Extra final epochs: 196
   Total time: 30.21s
📁 Results: /home/naili/tabular_data_projects/pTNAS/logs/ptnas_full_timebudget_10s_20260512_212458.csv
[done] ratebeer-beer-positive Tue May 12 21:27:59 UTC 2026

================================================================
[dataset] ratebeer-user-active Tue May 12 21:27:59 UTC 2026
================================================================
[dataset] extra args: --given_time_budget 10 --mk_ratio 60
================================================================================
🧬 pTNAS-Full: Single EA (pop=44, gen=11, top_k=8)
================================================================================
Data: /home/naili/tabular_data_projects/pTNAS/datasets/fit-medium-table/ratebeer-user-active
Space: resnet, Device: cuda:7
Time-aware search config: budget=10.00s, mk_ratio=60, est_selection=1.51s, est_sh=6.50s, est_search_total=8.01s
Dataset profile: proxy_eval=0.003115s, sh_workload_unit=0.3826s, workload=17
Final-train reference: final_train_ref=9.62s
Final train config: epochs=200, lr=0.001, batch_size=256, dropout=0.2, max_batches=20, early_stop=10
 ==> load material dataset from /home/naili/tabular_data_projects/pTNAS/datasets/fit-medium-table/ratebeer-user-active
Task type: TaskType.BINARY_CLASSIFICATION

🔍 Preparing sample batch for proxy evaluation...
✅ Encoded features: torch.Size([4, 2116])

🎯 Step 1: Full EA selection

🎯 Full EA Selection (no grouping)
   population=44, generations=11, top_k=8

🧬 Running Evolutionary Algorithm
   Population size: 44
   Generations: 11
   Elite size: 10
   Mutation rate: 0.3
   Initialized population of 44 architectures
   Generation 1/11...
     Evaluating 10/44...
     Evaluating 20/44...
     Evaluating 30/44...
     Evaluating 40/44...
     Best score: 489512.3438
   Generation 2/11...
     Evaluating 10/44...
     Evaluating 20/44...
     Evaluating 30/44...
     Evaluating 40/44...
     Best score: 788495.2500
   Generation 3/11...
     Evaluating 10/44...
     Evaluating 20/44...
     Evaluating 30/44...
     Evaluating 40/44...
     Best score: 1187866.8750
   Generation 4/11...
     Evaluating 10/44...
     Evaluating 20/44...
     Evaluating 30/44...
     Evaluating 40/44...
     Best score: 1469229.0000
   Generation 5/11...
     Evaluating 10/44...
     Evaluating 20/44...
     Evaluating 30/44...
     Evaluating 40/44...
     Best score: 1469229.0000
   Generation 6/11...
     Evaluating 10/44...
     Evaluating 20/44...
     Evaluating 30/44...
     Evaluating 40/44...
     Best score: 1469229.0000
   Generation 7/11...
     Evaluating 10/44...
     Evaluating 20/44...
     Evaluating 30/44...
     Evaluating 40/44...
     Best score: 1469229.0000
   Generation 8/11...
     Evaluating 10/44...
     Evaluating 20/44...
     Evaluating 30/44...
     Evaluating 40/44...
     Best score: 1547510.7500
   Generation 9/11...
     Evaluating 10/44...
     Evaluating 20/44...
     Evaluating 30/44...
     Evaluating 40/44...
     Best score: 1547510.7500
   Generation 10/11...
     Evaluating 10/44...
     Evaluating 20/44...
     Evaluating 30/44...
     Evaluating 40/44...
     Best score: 1547510.7500
   Generation 11/11...
     Evaluating 10/44...
     Evaluating 20/44...
     Evaluating 30/44...
     Evaluating 40/44...
     Best score: 1547510.7500
   EA complete! Best score: 1547510.7500
   Total individuals evaluated: 44
   ✅ EA complete, top 8 candidates:
     1. [128, 256, 128, 256] (score: 1547510.7500)
     2. [64, 256, 128, 256] (score: 1469229.0000)
     3. [256, 256, 128, 256] (score: 1187866.8750)
     4. [32, 256, 128, 256] (score: 1186512.1250)
     5. [128, 256, 64, 256] (score: 1051327.5000)
     6. [64, 256, 64, 256] (score: 788495.2500)
     7. [32, 256, 64, 256] (score: 704839.5625)
     8. [256, 256, 64, 256] (score: 551963.3750)
✅ Selection complete: 2.43s

🏆 Step 2: Successive Halving

🏆 Successive Halving Selection
   Candidates: 8
   Round: 8 candidates, +1 epochs
     Training 1/8: [128, 256, 128, 256]

  Training: epochs=1, lr=0.001
✅ Training completed! Best val: 0.815638, time: 1.29s
     Training 2/8: [64, 256, 128, 256]

  Training: epochs=1, lr=0.001
✅ Training completed! Best val: 0.813706, time: 0.23s
     Training 3/8: [256, 256, 128, 256]

  Training: epochs=1, lr=0.001
✅ Training completed! Best val: 0.813783, time: 0.23s
     Training 4/8: [32, 256, 128, 256]

  Training: epochs=1, lr=0.001
✅ Training completed! Best val: 0.813366, time: 0.28s
     Training 5/8: [128, 256, 64, 256]

  Training: epochs=1, lr=0.001
✅ Training completed! Best val: 0.817908, time: 0.24s
     Training 6/8: [64, 256, 64, 256]

  Training: epochs=1, lr=0.001
✅ Training completed! Best val: 0.814560, time: 0.24s
     Training 7/8: [32, 256, 64, 256]

  Training: epochs=1, lr=0.001
✅ Training completed! Best val: 0.813311, time: 0.23s
     Training 8/8: [256, 256, 64, 256]

  Training: epochs=1, lr=0.001
✅ Training completed! Best val: 0.814052, time: 0.23s
     Kept top 3, best val: 0.8179, winner cumulative epochs: 1
   Round: 3 candidates, +3 epochs
     Training 1/3: [128, 256, 64, 256]

  Training: epochs=3, lr=0.001
✅ Training completed! Best val: 0.896336, time: 0.67s
     Training 2/3: [128, 256, 128, 256]

  Training: epochs=3, lr=0.001
✅ Training completed! Best val: 0.891065, time: 0.67s
     Training 3/3: [64, 256, 64, 256]

  Training: epochs=3, lr=0.001
✅ Training completed! Best val: 0.866585, time: 0.72s
     Kept top 1, best val: 0.8963, winner cumulative epochs: 4
   🏆 Best: [128, 256, 64, 256], val=0.8963, cumulative epochs=4
✅ Best architecture: [128, 256, 64, 256], val=0.8963
   Successive halving time: 6.82s

🚀 Step 3: Training final model
   Warm-starting from SH checkpoint trained for 4 epochs
   Additional final-training epochs: 196

  Training: epochs=196, lr=0.001
  Epoch 10: val=0.9235
  Epoch 20: val=0.9032
  Epoch 30: val=0.9234
  Early stopped at epoch 33
✅ Training completed! Best val: 0.927345, time: 7.88s
✅ Final training: 7.88s

🧪 Step 4: Testing
✅ Test metric: 0.9370, inference: 0.04s

================================================================================
🎉 pTNAS-Full Complete!
================================================================================
   Best architecture: [128, 256, 64, 256]
   Test metric: 0.9370
   Selection time: 2.43s
   SH time: 6.82s
   Training time: 7.88s
   Winner SH epochs: 4
   Extra final epochs: 196
   Total time: 17.18s
📁 Results: /home/naili/tabular_data_projects/pTNAS/logs/ptnas_full_timebudget_10s_20260512_212458.csv
[done] ratebeer-user-active Tue May 12 21:28:22 UTC 2026

================================================================
[dataset] trial-site-success Tue May 12 21:28:22 UTC 2026
================================================================
[dataset] extra args: --given_time_budget 10 --mk_ratio 60 --mk_ratio 120
================================================================================
🧬 pTNAS-Full: Single EA (pop=52, gen=13, top_k=6)
================================================================================
Data: /home/naili/tabular_data_projects/pTNAS/datasets/fit-medium-table/trial-site-success
Space: resnet, Device: cuda:7
Time-aware search config: budget=10.00s, mk_ratio=120, est_selection=1.40s, est_sh=7.05s, est_search_total=8.45s
Dataset profile: proxy_eval=0.002072s, sh_workload_unit=0.5874s, workload=12
Final-train reference: final_train_ref=9.62s
Final train config: epochs=200, lr=0.001, batch_size=256, dropout=0.2, max_batches=20, early_stop=10
 ==> load material dataset from /home/naili/tabular_data_projects/pTNAS/datasets/fit-medium-table/trial-site-success
Task type: TaskType.REGRESSION

🔍 Preparing sample batch for proxy evaluation...
✅ Encoded features: torch.Size([4, 25])

🎯 Step 1: Full EA selection

🎯 Full EA Selection (no grouping)
   population=52, generations=13, top_k=6

🧬 Running Evolutionary Algorithm
   Population size: 52
   Generations: 13
   Elite size: 10
   Mutation rate: 0.3
   Initialized population of 52 architectures
   Generation 1/13...
     Evaluating 10/52...
     Evaluating 20/52...
     Evaluating 30/52...
     Evaluating 40/52...
     Evaluating 50/52...
     Best score: 451264.1875
   Generation 2/13...
     Evaluating 10/52...
     Evaluating 20/52...
     Evaluating 30/52...
     Evaluating 40/52...
     Evaluating 50/52...
     Best score: 1245394.0000
   Generation 3/13...
     Evaluating 10/52...
     Evaluating 20/52...
     Evaluating 30/52...
     Evaluating 40/52...
     Evaluating 50/52...
     Best score: 1245394.0000
   Generation 4/13...
     Evaluating 10/52...
     Evaluating 20/52...
     Evaluating 30/52...
     Evaluating 40/52...
     Evaluating 50/52...
     Best score: 1245394.0000
   Generation 5/13...
     Evaluating 10/52...
     Evaluating 20/52...
     Evaluating 30/52...
     Evaluating 40/52...
     Evaluating 50/52...
     Best score: 1245394.0000
   Generation 6/13...
     Evaluating 10/52...
     Evaluating 20/52...
     Evaluating 30/52...
     Evaluating 40/52...
     Evaluating 50/52...
     Best score: 1245394.0000
   Generation 7/13...
     Evaluating 10/52...
     Evaluating 20/52...
     Evaluating 30/52...
     Evaluating 40/52...
     Evaluating 50/52...
     Best score: 1245394.0000
   Generation 8/13...
     Evaluating 10/52...
     Evaluating 20/52...
     Evaluating 30/52...
     Evaluating 40/52...
     Evaluating 50/52...
     Best score: 1245394.0000
   Generation 9/13...
     Evaluating 10/52...
     Evaluating 20/52...
     Evaluating 30/52...
     Evaluating 40/52...
     Evaluating 50/52...
     Best score: 1245394.0000
   Generation 10/13...
     Evaluating 10/52...
     Evaluating 20/52...
     Evaluating 30/52...
     Evaluating 40/52...
     Evaluating 50/52...
     Best score: 1245394.0000
   Generation 11/13...
     Evaluating 10/52...
     Evaluating 20/52...
     Evaluating 30/52...
     Evaluating 40/52...
     Evaluating 50/52...
     Best score: 1245394.0000
   Generation 12/13...
     Evaluating 10/52...
     Evaluating 20/52...
     Evaluating 30/52...
     Evaluating 40/52...
     Evaluating 50/52...
     Best score: 1245394.0000
   Generation 13/13...
     Evaluating 10/52...
     Evaluating 20/52...
     Evaluating 30/52...
     Evaluating 40/52...
     Evaluating 50/52...
     Best score: 1245394.0000
   EA complete! Best score: 1245394.0000
   Total individuals evaluated: 52
   ✅ EA complete, top 6 candidates:
     1. [256, 128, 256, 128] (score: 1245394.0000)
     2. [256, 256, 128, 256] (score: 1155589.2500)
     3. [32, 256, 128, 256] (score: 1028800.3125)
     4. [256, 64, 128, 256] (score: 1014016.3125)
     5. [256, 128, 64, 256] (score: 853299.2500)
     6. [256, 64, 256, 128] (score: 674903.9375)
✅ Selection complete: 1.62s

🏆 Step 2: Successive Halving

🏆 Successive Halving Selection
   Candidates: 6
   Round: 6 candidates, +1 epochs
     Training 1/6: [256, 128, 256, 128]

  Training: epochs=1, lr=0.001
✅ Training completed! Best val: 0.471852, time: 1.59s
     Training 2/6: [256, 256, 128, 256]

  Training: epochs=1, lr=0.001
✅ Training completed! Best val: 0.465677, time: 0.48s
     Training 3/6: [32, 256, 128, 256]

  Training: epochs=1, lr=0.001
✅ Training completed! Best val: 0.479775, time: 0.51s
     Training 4/6: [256, 64, 128, 256]

  Training: epochs=1, lr=0.001
✅ Training completed! Best val: 0.462673, time: 0.67s
     Training 5/6: [256, 128, 64, 256]

  Training: epochs=1, lr=0.001
✅ Training completed! Best val: 0.465323, time: 0.55s
     Training 6/6: [256, 64, 256, 128]

  Training: epochs=1, lr=0.001
✅ Training completed! Best val: 0.478910, time: 0.51s
     Kept top 2, best val: 0.4610, winner cumulative epochs: 1
   Round: 2 candidates, +3 epochs
     Training 1/2: [256, 64, 128, 256]

  Training: epochs=3, lr=0.001
✅ Training completed! Best val: 0.462282, time: 1.52s
     Training 2/2: [256, 128, 64, 256]

  Training: epochs=3, lr=0.001
✅ Training completed! Best val: 0.462062, time: 1.49s
     Kept top 1, best val: 0.4623, winner cumulative epochs: 4
   🏆 Best: [256, 128, 64, 256], val=0.4623, cumulative epochs=4
✅ Best architecture: [256, 128, 64, 256], val=0.4623
   Successive halving time: 10.63s

🚀 Step 3: Training final model
   Warm-starting from SH checkpoint trained for 4 epochs
   Additional final-training epochs: 196

  Training: epochs=196, lr=0.001
  Epoch 10: val=0.4644
  Early stopped at epoch 19
✅ Training completed! Best val: 0.459408, time: 9.91s
✅ Final training: 9.91s

🧪 Step 4: Testing
✅ Test metric: 0.4466, inference: 0.34s

================================================================================
🎉 pTNAS-Full Complete!
================================================================================
   Best architecture: [256, 128, 64, 256]
   Test metric: 0.4466
   Selection time: 1.62s
   SH time: 10.63s
   Training time: 9.91s
   Winner SH epochs: 4
   Extra final epochs: 196
   Total time: 22.50s
📁 Results: /home/naili/tabular_data_projects/pTNAS/logs/ptnas_full_timebudget_10s_20260512_212458.csv
[done] trial-site-success Tue May 12 21:28:50 UTC 2026

================================================================
[dataset] trial-study-outcome Tue May 12 21:28:50 UTC 2026
================================================================
[dataset] extra args: --given_time_budget 10 --mk_ratio 60 --mk_ratio 90
================================================================================
🧬 pTNAS-Full: Single EA (pop=56, gen=14, top_k=9)
================================================================================
Data: /home/naili/tabular_data_projects/pTNAS/datasets/fit-medium-table/trial-study-outcome
Space: resnet, Device: cuda:7
Time-aware search config: budget=10.00s, mk_ratio=90, est_selection=2.89s, est_sh=6.48s, est_search_total=9.38s
Dataset profile: proxy_eval=0.003688s, sh_workload_unit=0.3602s, workload=18
Final-train reference: final_train_ref=9.62s
Final train config: epochs=200, lr=0.001, batch_size=256, dropout=0.2, max_batches=20, early_stop=10
 ==> load material dataset from /home/naili/tabular_data_projects/pTNAS/datasets/fit-medium-table/trial-study-outcome
Task type: TaskType.BINARY_CLASSIFICATION

🔍 Preparing sample batch for proxy evaluation...
✅ Encoded features: torch.Size([4, 2401])

🎯 Step 1: Full EA selection

🎯 Full EA Selection (no grouping)
   population=56, generations=14, top_k=9

🧬 Running Evolutionary Algorithm
   Population size: 56
   Generations: 14
   Elite size: 10
   Mutation rate: 0.3
   Initialized population of 56 architectures
   Generation 1/14...
     Evaluating 10/56...
     Evaluating 20/56...
     Evaluating 30/56...
     Evaluating 40/56...
     Evaluating 50/56...
     Best score: 451167.5312
   Generation 2/14...
     Evaluating 10/56...
     Evaluating 20/56...
     Evaluating 30/56...
     Evaluating 40/56...
     Evaluating 50/56...
     Best score: 1249475.7500
   Generation 3/14...
     Evaluating 10/56...
     Evaluating 20/56...
     Evaluating 30/56...
     Evaluating 40/56...
     Evaluating 50/56...
     Best score: 1249475.7500
   Generation 4/14...
     Evaluating 10/56...
     Evaluating 20/56...
     Evaluating 30/56...
     Evaluating 40/56...
     Evaluating 50/56...
     Best score: 1249475.7500
   Generation 5/14...
     Evaluating 10/56...
     Evaluating 20/56...
     Evaluating 30/56...
     Evaluating 40/56...
     Evaluating 50/56...
     Best score: 1249475.7500
   Generation 6/14...
     Evaluating 10/56...
     Evaluating 20/56...
     Evaluating 30/56...
     Evaluating 40/56...
     Evaluating 50/56...
     Best score: 1249475.7500
   Generation 7/14...
     Evaluating 10/56...
     Evaluating 20/56...
     Evaluating 30/56...
     Evaluating 40/56...
     Evaluating 50/56...
     Best score: 1764837.2500
   Generation 8/14...
     Evaluating 10/56...
     Evaluating 20/56...
     Evaluating 30/56...
     Evaluating 40/56...
     Evaluating 50/56...
     Best score: 1764837.2500
   Generation 9/14...
     Evaluating 10/56...
     Evaluating 20/56...
     Evaluating 30/56...
     Evaluating 40/56...
     Evaluating 50/56...
     Best score: 1764837.2500
   Generation 10/14...
     Evaluating 10/56...
     Evaluating 20/56...
     Evaluating 30/56...
     Evaluating 40/56...
     Evaluating 50/56...
     Best score: 1764837.2500
   Generation 11/14...
     Evaluating 10/56...
     Evaluating 20/56...
     Evaluating 30/56...
     Evaluating 40/56...
     Evaluating 50/56...
     Best score: 1764837.2500
   Generation 12/14...
     Evaluating 10/56...
     Evaluating 20/56...
     Evaluating 30/56...
     Evaluating 40/56...
     Evaluating 50/56...
     Best score: 1764837.2500
   Generation 13/14...
     Evaluating 10/56...
     Evaluating 20/56...
     Evaluating 30/56...
     Evaluating 40/56...
     Evaluating 50/56...
     Best score: 1764837.2500
   Generation 14/14...
     Evaluating 10/56...
     Evaluating 20/56...
     Evaluating 30/56...
     Evaluating 40/56...
     Evaluating 50/56...
     Best score: 1764837.2500
   EA complete! Best score: 1764837.2500
   Total individuals evaluated: 56
   ✅ EA complete, top 9 candidates:
     1. [128, 256, 128, 256] (score: 1764837.2500)
     2. [64, 256, 128, 256] (score: 1310311.2500)
     3. [32, 256, 128, 256] (score: 1249475.7500)
     4. [256, 256, 128, 256] (score: 971741.6250)
     5. [128, 256, 64, 256] (score: 917894.0000)
     6. [256, 128, 256, 128] (score: 848468.3750)
     7. [32, 256, 64, 256] (score: 796167.2500)
     8. [64, 256, 64, 256] (score: 763300.3750)
     9. [256, 128, 64, 256] (score: 646889.0625)
✅ Selection complete: 3.04s

🏆 Step 2: Successive Halving

🏆 Successive Halving Selection
   Candidates: 9
   Round: 9 candidates, +1 epochs
     Training 1/9: [128, 256, 128, 256]

  Training: epochs=1, lr=0.001
✅ Training completed! Best val: 0.593688, time: 1.33s
     Training 2/9: [64, 256, 128, 256]

  Training: epochs=1, lr=0.001
✅ Training completed! Best val: 0.581929, time: 0.32s
     Training 3/9: [32, 256, 128, 256]

  Training: epochs=1, lr=0.001
✅ Training completed! Best val: 0.549996, time: 0.31s
     Training 4/9: [256, 256, 128, 256]

  Training: epochs=1, lr=0.001
✅ Training completed! Best val: 0.605442, time: 0.28s
     Training 5/9: [128, 256, 64, 256]

  Training: epochs=1, lr=0.001
✅ Training completed! Best val: 0.591217, time: 0.27s
     Training 6/9: [256, 128, 256, 128]

  Training: epochs=1, lr=0.001
✅ Training completed! Best val: 0.577994, time: 0.26s
     Training 7/9: [32, 256, 64, 256]

  Training: epochs=1, lr=0.001
✅ Training completed! Best val: 0.615999, time: 0.25s
     Training 8/9: [64, 256, 64, 256]

  Training: epochs=1, lr=0.001
✅ Training completed! Best val: 0.575416, time: 0.25s
     Training 9/9: [256, 128, 64, 256]

  Training: epochs=1, lr=0.001
✅ Training completed! Best val: 0.556693, time: 0.25s
     Kept top 3, best val: 0.6160, winner cumulative epochs: 1
   Round: 3 candidates, +3 epochs
     Training 1/3: [32, 256, 64, 256]

  Training: epochs=3, lr=0.001
✅ Training completed! Best val: 0.655304, time: 0.70s
     Training 2/3: [256, 256, 128, 256]

  Training: epochs=3, lr=0.001
✅ Training completed! Best val: 0.640976, time: 0.64s
     Training 3/3: [128, 256, 128, 256]

  Training: epochs=3, lr=0.001
✅ Training completed! Best val: 0.653061, time: 0.80s
     Kept top 1, best val: 0.6553, winner cumulative epochs: 4
   🏆 Best: [32, 256, 64, 256], val=0.6553, cumulative epochs=4
✅ Best architecture: [32, 256, 64, 256], val=0.6553
   Successive halving time: 7.37s

🚀 Step 3: Training final model
   Warm-starting from SH checkpoint trained for 4 epochs
   Additional final-training epochs: 196

  Training: epochs=196, lr=0.001
  Epoch 10: val=0.6661
  Epoch 20: val=0.6688
  Epoch 30: val=0.6599
  Epoch 40: val=0.6428
  Early stopped at epoch 41
✅ Training completed! Best val: 0.679486, time: 9.22s
✅ Final training: 9.22s

🧪 Step 4: Testing
✅ Test metric: 0.7068, inference: 0.02s

================================================================================
🎉 pTNAS-Full Complete!
================================================================================
   Best architecture: [32, 256, 64, 256]
   Test metric: 0.7068
   Selection time: 3.04s
   SH time: 7.37s
   Training time: 9.22s
   Winner SH epochs: 4
   Extra final epochs: 196
   Total time: 19.64s
📁 Results: /home/naili/tabular_data_projects/pTNAS/logs/ptnas_full_timebudget_10s_20260512_212458.csv
[done] trial-study-outcome Tue May 12 21:29:15 UTC 2026

================================================================
[all done] Tue May 12 21:29:15 UTC 2026
================================================================
